134.41
257.45
142.65
142.65
147.79
23.22
181.36
96.45
236.76
221.49
48.86
90.49
256.61
200.96
33.10
195.68
172.13
66.59
52.29
129.86
70.27
242.41
129.26
226.33
243.86
179.71
184.41
59.25
238.65
155.43
22.48
124.11
231.05
121.86
192.88
96.85
228.43
193.55
28.24
70.10
209.57
232.37
40.85
39.76
197.08
116.65
231.73
40.62
129.23
155.32
241.93
204.36
23.21
233.01
150.87
138.22
47.16
147.09
101.34
148.06
243.02
222.47
55.73
204.00
267.48
165.27
113.47
172.19
143.13
241.04
194.04
211.17
137.17
238.80
265.52
106.17
259.58
56.52
173.08
189.86
248.26
119.27
247.46
122.98
33.09
215.61
247.72
183.20
46.19
213.59
68.28
85.80
120.59
242.01
264.79
234.53
94.46
47.86
78.44
175.96
113.04
116.07
263.66
